[2026-04-12 07:37:50Z INFO HostContext] No proxy settings were found based on environmental variables (http_proxy/https_proxy/HTTP_PROXY/HTTPS_PROXY)
[2026-04-12 07:37:50Z INFO HostContext] Well known directory 'Bin': 'C:\Users\eleeh\Downloads\ytclientV2-2\ytclientV2\actions-runner\actions-runner\bin'
[2026-04-12 07:37:50Z INFO HostContext] Well known directory 'Root': 'C:\Users\eleeh\Downloads\ytclientV2-2\ytclientV2\actions-runner\actions-runner'
[2026-04-12 07:37:50Z INFO HostContext] Well known config file 'Credentials': 'C:\Users\eleeh\Downloads\ytclientV2-2\ytclientV2\actions-runner\actions-runner\.credentials'
[2026-04-12 07:37:50Z INFO HostContext] Well known directory 'Bin': 'C:\Users\eleeh\Downloads\ytclientV2-2\ytclientV2\actions-runner\actions-runner\bin'
[2026-04-12 07:37:50Z INFO HostContext] Well known directory 'Root': 'C:\Users\eleeh\Downloads\ytclientV2-2\ytclientV2\actions-runner\actions-runner'
[2026-04-12 07:37:50Z INFO HostContext] Well known config file 'Runner': 'C:\Users\eleeh\Downloads\ytclientV2-2\ytclientV2\actions-runner\actions-runner\.runner'
[2026-04-12 07:37:50Z INFO Listener] Runner is built for Windows (X64) - win-x64.
[2026-04-12 07:37:50Z INFO Listener] RuntimeInformation: Microsoft Windows 10.0.26200.
[2026-04-12 07:37:50Z INFO Listener] Version: 2.333.1
[2026-04-12 07:37:50Z INFO Listener] Commit: 6792966801e8925346735b68c03bf9f347af4646
[2026-04-12 07:37:50Z INFO Listener] Culture: en-GB
[2026-04-12 07:37:50Z INFO Listener] UI Culture: en-GB
[2026-04-12 07:37:50Z INFO HostContext] Well known directory 'Bin': 'C:\Users\eleeh\Downloads\ytclientV2-2\ytclientV2\actions-runner\actions-runner\bin'
[2026-04-12 07:37:50Z INFO HostContext] Well known directory 'Root': 'C:\Users\eleeh\Downloads\ytclientV2-2\ytclientV2\actions-runner\actions-runner'
[2026-04-12 07:37:50Z INFO Listener] Validating directory permissions for: 'C:\Users\eleeh\Downloads\ytclientV2-2\ytclientV2\actions-runner\actions-runner'
[2026-04-12 07:37:50Z INFO CommandLineParser] Parse
[2026-04-12 07:37:50Z INFO CommandLineParser] Parsing 5 args
[2026-04-12 07:37:50Z INFO CommandLineParser] parsing argument
[2026-04-12 07:37:50Z INFO CommandLineParser] HasArgs: False
[2026-04-12 07:37:50Z INFO CommandLineParser] Adding Command: configure
[2026-04-12 07:37:50Z INFO CommandLineParser] parsing argument
[2026-04-12 07:37:50Z INFO CommandLineParser] HasArgs: True
[2026-04-12 07:37:50Z INFO CommandLineParser] arg: url
[2026-04-12 07:37:50Z INFO CommandLineParser] parsing argument
[2026-04-12 07:37:50Z INFO CommandLineParser] HasArgs: True
[2026-04-12 07:37:50Z INFO CommandLineParser] Adding option 'url': 'https://github.com/donnytramptramples/yt_clientV2'
[2026-04-12 07:37:50Z INFO CommandLineParser] parsing argument
[2026-04-12 07:37:50Z INFO CommandLineParser] HasArgs: True
[2026-04-12 07:37:50Z INFO CommandLineParser] arg: token
[2026-04-12 07:37:50Z INFO CommandLineParser] parsing argument
[2026-04-12 07:37:50Z INFO CommandLineParser] HasArgs: True
[2026-04-12 07:37:50Z INFO CommandLineParser] Adding option 'token': '***'
[2026-04-12 07:37:50Z INFO Listener] Arguments parsed
[2026-04-12 07:37:50Z INFO Runner] ExecuteCommand
[2026-04-12 07:37:50Z INFO ConfigurationStore] currentAssemblyLocation: C:\Users\eleeh\Downloads\ytclientV2-2\ytclientV2\actions-runner\actions-runner\bin\Runner.Listener.dll
[2026-04-12 07:37:50Z INFO HostContext] Well known directory 'Bin': 'C:\Users\eleeh\Downloads\ytclientV2-2\ytclientV2\actions-runner\actions-runner\bin'
[2026-04-12 07:37:50Z INFO ConfigurationStore] binPath: C:\Users\eleeh\Downloads\ytclientV2-2\ytclientV2\actions-runner\actions-runner\bin
[2026-04-12 07:37:50Z INFO HostContext] Well known directory 'Bin': 'C:\Users\eleeh\Downloads\ytclientV2-2\ytclientV2\actions-runner\actions-runner\bin'
[2026-04-12 07:37:50Z INFO HostContext] Well known directory 'Root': 'C:\Users\eleeh\Downloads\ytclientV2-2\ytclientV2\actions-runner\actions-runner'
[2026-04-12 07:37:50Z INFO ConfigurationStore] RootFolder: C:\Users\eleeh\Downloads\ytclientV2-2\ytclientV2\actions-runner\actions-runner
[2026-04-12 07:37:50Z INFO HostContext] Well known directory 'Bin': 'C:\Users\eleeh\Downloads\ytclientV2-2\ytclientV2\actions-runner\actions-runner\bin'
[2026-04-12 07:37:50Z INFO HostContext] Well known directory 'Root': 'C:\Users\eleeh\Downloads\ytclientV2-2\ytclientV2\actions-runner\actions-runner'
[2026-04-12 07:37:50Z INFO HostContext] Well known config file 'Runner': 'C:\Users\eleeh\Downloads\ytclientV2-2\ytclientV2\actions-runner\actions-runner\.runner'
[2026-04-12 07:37:50Z INFO ConfigurationStore] ConfigFilePath: C:\Users\eleeh\Downloads\ytclientV2-2\ytclientV2\actions-runner\actions-runner\.runner
[2026-04-12 07:37:50Z INFO HostContext] Well known directory 'Bin': 'C:\Users\eleeh\Downloads\ytclientV2-2\ytclientV2\actions-runner\actions-runner\bin'
[2026-04-12 07:37:50Z INFO HostContext] Well known directory 'Root': 'C:\Users\eleeh\Downloads\ytclientV2-2\ytclientV2\actions-runner\actions-runner'
[2026-04-12 07:37:50Z INFO HostContext] Well known config file 'MigratedRunner': 'C:\Users\eleeh\Downloads\ytclientV2-2\ytclientV2\actions-runner\actions-runner\.runner_migrated'
[2026-04-12 07:37:50Z INFO ConfigurationStore] MigratedConfigFilePath: C:\Users\eleeh\Downloads\ytclientV2-2\ytclientV2\actions-runner\actions-runner\.runner_migrated
[2026-04-12 07:37:50Z INFO HostContext] Well known directory 'Bin': 'C:\Users\eleeh\Downloads\ytclientV2-2\ytclientV2\actions-runner\actions-runner\bin'
[2026-04-12 07:37:50Z INFO HostContext] Well known directory 'Root': 'C:\Users\eleeh\Downloads\ytclientV2-2\ytclientV2\actions-runner\actions-runner'
[2026-04-12 07:37:50Z INFO HostContext] Well known config file 'Credentials': 'C:\Users\eleeh\Downloads\ytclientV2-2\ytclientV2\actions-runner\actions-runner\.credentials'
[2026-04-12 07:37:50Z INFO ConfigurationStore] CredFilePath: C:\Users\eleeh\Downloads\ytclientV2-2\ytclientV2\actions-runner\actions-runner\.credentials
[2026-04-12 07:37:50Z INFO HostContext] Well known directory 'Bin': 'C:\Users\eleeh\Downloads\ytclientV2-2\ytclientV2\actions-runner\actions-runner\bin'
[2026-04-12 07:37:50Z INFO HostContext] Well known directory 'Root': 'C:\Users\eleeh\Downloads\ytclientV2-2\ytclientV2\actions-runner\actions-runner'
[2026-04-12 07:37:50Z INFO HostContext] Well known config file 'MigratedCredentials': 'C:\Users\eleeh\Downloads\ytclientV2-2\ytclientV2\actions-runner\actions-runner\.credentials_migrated'
[2026-04-12 07:37:50Z INFO ConfigurationStore] MigratedCredFilePath: C:\Users\eleeh\Downloads\ytclientV2-2\ytclientV2\actions-runner\actions-runner\.credentials_migrated
[2026-04-12 07:37:50Z INFO HostContext] Well known directory 'Bin': 'C:\Users\eleeh\Downloads\ytclientV2-2\ytclientV2\actions-runner\actions-runner\bin'
[2026-04-12 07:37:50Z INFO HostContext] Well known directory 'Root': 'C:\Users\eleeh\Downloads\ytclientV2-2\ytclientV2\actions-runner\actions-runner'
[2026-04-12 07:37:50Z INFO HostContext] Well known config file 'Service': 'C:\Users\eleeh\Downloads\ytclientV2-2\ytclientV2\actions-runner\actions-runner\.service'
[2026-04-12 07:37:50Z INFO ConfigurationStore] ServiceConfigFilePath: C:\Users\eleeh\Downloads\ytclientV2-2\ytclientV2\actions-runner\actions-runner\.service
[2026-04-12 07:37:50Z INFO CommandSettings] Flag 'help': 'False'
[2026-04-12 07:37:50Z INFO CommandSettings] Flag 'version': 'False'
[2026-04-12 07:37:50Z INFO CommandSettings] Flag 'commit': 'False'
[2026-04-12 07:37:50Z INFO CommandSettings] Flag 'check': 'False'
[2026-04-12 07:37:50Z INFO CommandSettings] Command 'configure': 'True'
[2026-04-12 07:37:50Z INFO Terminal] WRITE LINE: 
[2026-04-12 07:37:50Z INFO Terminal] WRITE LINE: --------------------------------------------------------------------------------
[2026-04-12 07:37:50Z INFO Terminal] WRITE LINE: |        ____ _ _   _   _       _          _        _   _                      |
[2026-04-12 07:37:50Z INFO Terminal] WRITE LINE: |       / ___(_) |_| | | |_   _| |__      / \   ___| |_(_) ___  _ __  ___      |
[2026-04-12 07:37:50Z INFO Terminal] WRITE LINE: |      | |  _| | __| |_| | | | | '_ \    / _ \ / __| __| |/ _ \| '_ \/ __|     |
[2026-04-12 07:37:50Z INFO Terminal] WRITE LINE: |      | |_| | | |_|  _  | |_| | |_) |  / ___ \ (__| |_| | (_) | | | \__ \     |
[2026-04-12 07:37:50Z INFO Terminal] WRITE LINE: |       \____|_|\__|_| |_|\__,_|_.__/  /_/   \_\___|\__|_|\___/|_| |_|___/     |
[2026-04-12 07:37:50Z INFO Terminal] WRITE LINE: |                                                                              |
[2026-04-12 07:37:50Z INFO Terminal] WRITE: |                       
[2026-04-12 07:37:50Z INFO Terminal] WRITE: Self-hosted runner registration
[2026-04-12 07:37:50Z INFO Terminal] WRITE LINE:                         |
[2026-04-12 07:37:50Z INFO Terminal] WRITE LINE: |                                                                              |
[2026-04-12 07:37:50Z INFO Terminal] WRITE LINE: --------------------------------------------------------------------------------
[2026-04-12 07:37:50Z INFO ConfigurationManager] ConfigureAsync
[2026-04-12 07:37:50Z INFO CommandSettings] Flag 'generateServiceConfig': 'False'
[2026-04-12 07:37:50Z INFO ConfigurationStore] IsConfigured()
[2026-04-12 07:37:50Z INFO ConfigurationStore] IsConfigured: False
[2026-04-12 07:37:50Z INFO ConfigurationManager] Is configured: False
[2026-04-12 07:37:50Z INFO CommandSettings] Arg 'url': 'https://github.com/donnytramptramples/yt_clientV2'
[2026-04-12 07:37:50Z INFO CommandSettings] Remove url from Arg dictionary.
[2026-04-12 07:37:50Z INFO CommandSettings] Arg 'token': '***'
[2026-04-12 07:37:50Z INFO CommandSettings] Remove token from Arg dictionary.
[2026-04-12 07:37:51Z INFO ConfigurationManager] Http response code: OK from 'POST https://api.github.com/actions/runner-registration' (D83A:1A0E32:15525:19892:69DB4BCE)
[2026-04-12 07:37:51Z INFO ConfigurationManager] Using runner-admin flow: False
[2026-04-12 07:37:51Z INFO ConfigurationManager] cred retrieved via GitHub auth
[2026-04-12 07:37:51Z INFO RunnerServer] EstablishVssConnection
[2026-04-12 07:37:51Z INFO RunnerServer] Establish connection with 100 seconds timeout.
[2026-04-12 07:37:51Z INFO GitHubActionsService] Starting operation Location.GetConnectionData
[2026-04-12 07:37:51Z INFO RunnerServer] EstablishVssConnection
[2026-04-12 07:37:51Z INFO RunnerServer] Establish connection with 60 seconds timeout.
[2026-04-12 07:37:51Z INFO GitHubActionsService] Starting operation Location.GetConnectionData
[2026-04-12 07:37:51Z INFO RunnerServer] EstablishVssConnection
[2026-04-12 07:37:51Z INFO RunnerServer] Establish connection with 60 seconds timeout.
[2026-04-12 07:37:51Z INFO GitHubActionsService] Starting operation Location.GetConnectionData
[2026-04-12 07:37:52Z INFO GitHubActionsService] Finished operation Location.GetConnectionData
[2026-04-12 07:37:52Z INFO GitHubActionsService] Finished operation Location.GetConnectionData
[2026-04-12 07:37:52Z INFO GitHubActionsService] Finished operation Location.GetConnectionData
[2026-04-12 07:37:52Z INFO Terminal] WRITE LINE: 
[2026-04-12 07:37:52Z INFO ConfigurationManager] Test Connection complete.
[2026-04-12 07:37:52Z INFO HostContext] Well known directory 'Bin': 'C:\Users\eleeh\Downloads\ytclientV2-2\ytclientV2\actions-runner\actions-runner\bin'
[2026-04-12 07:37:52Z INFO HostContext] Well known directory 'Root': 'C:\Users\eleeh\Downloads\ytclientV2-2\ytclientV2\actions-runner\actions-runner'
[2026-04-12 07:37:52Z INFO HostContext] Well known config file 'RSACredentials': 'C:\Users\eleeh\Downloads\ytclientV2-2\ytclientV2\actions-runner\actions-runner\.credentials_rsaparams'
[2026-04-12 07:37:52Z INFO RSAEncryptedFileKeyManager] Creating new RSA key using 2048-bit key length
[2026-04-12 07:37:52Z INFO RSAEncryptedFileKeyManager] Successfully saved RSA key parameters to file C:\Users\eleeh\Downloads\ytclientV2-2\ytclientV2\actions-runner\actions-runner\.credentials_rsaparams
[2026-04-12 07:37:52Z INFO CommandSettings] Arg 'runnergroup': ''
[2026-04-12 07:37:52Z INFO CommandSettings] Flag 'unattended': 'False'
[2026-04-12 07:37:52Z INFO PromptManager] ReadValue
[2026-04-12 07:37:52Z INFO Terminal] WRITE: Enter the name of the runner group to add this runner to: 
[2026-04-12 07:37:52Z INFO Terminal] WRITE: [press Enter for Default] 
[2026-04-12 07:37:52Z INFO Terminal] READ LINE
[2026-04-12 07:38:11Z INFO Terminal] Read value: ''
[2026-04-12 07:38:11Z INFO PromptManager] Falling back to the default: 'Default'
[2026-04-12 07:38:11Z INFO Terminal] WRITE LINE: 
[2026-04-12 07:38:11Z INFO ConfigurationManager] Found a self-hosted runner group with id 1 and name Default
[2026-04-12 07:38:11Z INFO CommandSettings] Flag 'disableupdate': 'False'
[2026-04-12 07:38:11Z INFO CommandSettings] Flag 'ephemeral': 'False'
[2026-04-12 07:38:11Z INFO CommandSettings] Arg 'name': ''
[2026-04-12 07:38:11Z INFO CommandSettings] Flag 'unattended': 'False'
[2026-04-12 07:38:11Z INFO PromptManager] ReadValue
[2026-04-12 07:38:11Z INFO Terminal] WRITE: Enter the name of runner: 
[2026-04-12 07:38:11Z INFO Terminal] WRITE: [press Enter for OWENEDWARD] 
[2026-04-12 07:38:11Z INFO Terminal] READ LINE
[2026-04-12 07:38:24Z INFO Terminal] Read value: ''
[2026-04-12 07:38:24Z INFO PromptManager] Falling back to the default: 'OWENEDWARD'
[2026-04-12 07:38:24Z INFO Terminal] WRITE LINE: 
[2026-04-12 07:38:24Z INFO CommandSettings] Arg 'labels': ''
[2026-04-12 07:38:24Z INFO CommandSettings] Flag 'unattended': 'False'
[2026-04-12 07:38:24Z INFO PromptManager] ReadValue
[2026-04-12 07:38:24Z INFO Terminal] WRITE: This runner will have the following labels: 'self-hosted', 'Windows', 'X64' 
Enter any additional labels (ex. label-1,label-2): 
[2026-04-12 07:38:24Z INFO Terminal] WRITE: [press Enter to skip] 
[2026-04-12 07:38:24Z INFO Terminal] READ LINE
[2026-04-12 07:38:37Z INFO Terminal] Read value: ''
[2026-04-12 07:38:37Z INFO Terminal] WRITE LINE: 
[2026-04-12 07:38:37Z INFO Terminal] WRITE LINE: A runner exists with the same name
[2026-04-12 07:38:37Z INFO CommandSettings] Flag 'replace': 'False'
[2026-04-12 07:38:37Z INFO CommandSettings] Flag 'unattended': 'False'
[2026-04-12 07:38:37Z INFO PromptManager] ReadValue
[2026-04-12 07:38:37Z INFO Terminal] WRITE: Would you like to replace the existing runner? (Y/N) 
[2026-04-12 07:38:37Z INFO Terminal] WRITE: [press Enter for N] 
[2026-04-12 07:38:37Z INFO Terminal] READ LINE
[2026-04-12 07:38:47Z INFO Terminal] Read value: 'y'
[2026-04-12 07:38:47Z INFO CommandSettings] Flag 'disableupdate': 'False'
[2026-04-12 07:38:47Z INFO CommandSettings] Flag 'no-default-labels': 'False'
[2026-04-12 07:38:48Z INFO CommandSettings] Flag 'disableupdate': 'False'
[2026-04-12 07:38:48Z INFO CommandSettings] Flag 'ephemeral': 'False'
[2026-04-12 07:38:48Z INFO ConfigurationStore] Saving OAuth credential @ C:\Users\eleeh\Downloads\ytclientV2-2\ytclientV2\actions-runner\actions-runner\.credentials
[2026-04-12 07:38:48Z INFO ConfigurationStore] Credentials Saved.
[2026-04-12 07:38:48Z INFO ConfigurationManager] Service enforced serverUrlV2: https://broker.actions.githubusercontent.com/
[2026-04-12 07:38:48Z INFO ConfigurationManager] Service enforced useV2Flow: True
[2026-04-12 07:38:48Z INFO CommandSettings] Arg 'work': ''
[2026-04-12 07:38:48Z INFO CommandSettings] Flag 'unattended': 'False'
[2026-04-12 07:38:48Z INFO PromptManager] ReadValue
[2026-04-12 07:38:48Z INFO Terminal] WRITE: Enter name of work folder: 
[2026-04-12 07:38:48Z INFO Terminal] WRITE: [press Enter for _work] 
[2026-04-12 07:38:48Z INFO Terminal] READ LINE
[2026-04-12 07:38:59Z INFO Terminal] Read value: ''
[2026-04-12 07:38:59Z INFO PromptManager] Falling back to the default: '_work'
[2026-04-12 07:38:59Z INFO ConfigurationStore] Saving runner settings.
[2026-04-12 07:38:59Z INFO ConfigurationStore] Settings Saved.
[2026-04-12 07:38:59Z INFO Terminal] WRITE LINE: 
[2026-04-12 07:38:59Z INFO Terminal] WRITE LINE: 
[2026-04-12 07:38:59Z INFO CommandSettings] Flag 'runasservice': 'False'
[2026-04-12 07:38:59Z INFO CommandSettings] Flag 'unattended': 'False'
[2026-04-12 07:38:59Z INFO PromptManager] ReadValue
[2026-04-12 07:38:59Z INFO Terminal] WRITE: Would you like to run the runner as service? (Y/N) 
[2026-04-12 07:38:59Z INFO Terminal] WRITE: [press Enter for N] 
[2026-04-12 07:38:59Z INFO Terminal] READ LINE
[2026-04-12 07:39:03Z INFO Terminal] Read value: 'y'
[2026-04-12 07:39:03Z INFO ConfigurationManager] Configuring to run the agent as service
[2026-04-12 07:39:03Z INFO CommandSettings] Arg 'windowslogonaccount': ''
[2026-04-12 07:39:03Z INFO CommandSettings] Flag 'unattended': 'False'
[2026-04-12 07:39:03Z INFO PromptManager] ReadValue
[2026-04-12 07:39:03Z INFO Terminal] WRITE: User account to use for the service 
[2026-04-12 07:39:03Z INFO Terminal] WRITE: [press Enter for NT AUTHORITY\NETWORK SERVICE] 
[2026-04-12 07:39:03Z INFO Terminal] READ LINE
[2026-04-12 07:39:17Z INFO Terminal] Read value: ''
[2026-04-12 07:39:17Z INFO PromptManager] Falling back to the default: 'NT AUTHORITY\NETWORK SERVICE'
[2026-04-12 07:39:17Z INFO WindowsServiceControlManager] LogonAccount after transforming: NT AUTHORITY\NETWORK SERVICE, user: NETWORK SERVICE, domain: NT AUTHORITY
[2026-04-12 07:39:17Z INFO WindowsServiceControlManager] Service name 'actions.runner.donnytramptramples-yt_clientV2.OWENEDWARD' display name 'GitHub Actions Runner (donnytramptramples-yt_clientV2.OWENEDWARD)' will be used for service configuration.
[2026-04-12 07:39:17Z INFO WindowsServiceControlManager] Verifying if the account has LogonAsService permission
[2026-04-12 07:39:18Z INFO NativeWindowsServiceHelper] Successfully grant logon as service privilege to account 'NETWORK SERVICE'
[2026-04-12 07:39:18Z INFO WindowsServiceControlManager] Create local group and grant folder permission to service logon account.
[2026-04-12 07:39:18Z INFO HostContext] Well known directory 'Bin': 'C:\Users\eleeh\Downloads\ytclientV2-2\ytclientV2\actions-runner\actions-runner\bin'
[2026-04-12 07:39:18Z INFO HostContext] Well known directory 'Root': 'C:\Users\eleeh\Downloads\ytclientV2-2\ytclientV2\actions-runner\actions-runner'
[2026-04-12 07:39:18Z INFO ConfigurationStore] Read setting file: 404 chars
[2026-04-12 07:39:18Z INFO HostContext] Well known directory 'Bin': 'C:\Users\eleeh\Downloads\ytclientV2-2\ytclientV2\actions-runner\actions-runner\bin'
[2026-04-12 07:39:18Z INFO HostContext] Well known directory 'Root': 'C:\Users\eleeh\Downloads\ytclientV2-2\ytclientV2\actions-runner\actions-runner'
[2026-04-12 07:39:18Z INFO HostContext] Well known directory 'Work': 'C:\Users\eleeh\Downloads\ytclientV2-2\ytclientV2\actions-runner\actions-runner\_work'
[2026-04-12 07:39:18Z INFO HostContext] Well known directory 'Bin': 'C:\Users\eleeh\Downloads\ytclientV2-2\ytclientV2\actions-runner\actions-runner\bin'
[2026-04-12 07:39:18Z INFO NativeWindowsServiceHelper] Calculated unique group name GITHUB_ActionsRunner_G37a87
[2026-04-12 07:39:18Z INFO NativeWindowsServiceHelper] Trying to create group GITHUB_ActionsRunner_G37a87
[2026-04-12 07:39:18Z INFO NativeWindowsServiceHelper] Local Group 'GITHUB_ActionsRunner_G37a87' created
[2026-04-12 07:39:18Z INFO NativeWindowsServiceHelper] Trying to add userName NT AUTHORITY\NETWORK SERVICE to the group GITHUB_ActionsRunner_G37a87
[2026-04-12 07:39:18Z INFO NativeWindowsServiceHelper] Account 'NT AUTHORITY\NETWORK SERVICE' is added to local group 'GITHUB_ActionsRunner_G37a87'.
[2026-04-12 07:39:18Z INFO NativeWindowsServiceHelper] Set full access control to group for the folder C:\Users\eleeh\Downloads\ytclientV2-2\ytclientV2\actions-runner\actions-runner
[2026-04-12 07:39:18Z INFO NativeWindowsServiceHelper] Set full access control to group for the folder C:\Users\eleeh\Downloads\ytclientV2-2\ytclientV2\actions-runner\actions-runner\_work
[2026-04-12 07:39:18Z INFO NativeWindowsServiceHelper] Local group 'GITHUB_ActionsRunner_G37a87' already has full control to path 'C:\Users\eleeh\Downloads\ytclientV2-2\ytclientV2\actions-runner\actions-runner\_work'.
[2026-04-12 07:39:18Z INFO Terminal] WRITE LINE: Granting file permissions to 'NT AUTHORITY\NETWORK SERVICE'.
[2026-04-12 07:39:18Z INFO HostContext] Well known directory 'Bin': 'C:\Users\eleeh\Downloads\ytclientV2-2\ytclientV2\actions-runner\actions-runner\bin'
[2026-04-12 07:39:18Z INFO ProcessInvokerWrapper] Starting process:
[2026-04-12 07:39:18Z INFO ProcessInvokerWrapper]   File name: '"C:\Users\eleeh\Downloads\ytclientV2-2\ytclientV2\actions-runner\actions-runner\bin\RunnerService.exe"'
[2026-04-12 07:39:18Z INFO ProcessInvokerWrapper]   Arguments: 'init'
[2026-04-12 07:39:18Z INFO ProcessInvokerWrapper]   Working directory: ''
[2026-04-12 07:39:18Z INFO ProcessInvokerWrapper]   Require exit code zero: 'True'
[2026-04-12 07:39:18Z INFO ProcessInvokerWrapper]   Encoding web name:  ; code page: ''
[2026-04-12 07:39:18Z INFO ProcessInvokerWrapper]   Force kill process on cancellation: 'False'
[2026-04-12 07:39:18Z INFO ProcessInvokerWrapper]   Redirected STDIN: 'False'
[2026-04-12 07:39:18Z INFO ProcessInvokerWrapper]   Persist current code page: 'False'
[2026-04-12 07:39:18Z INFO ProcessInvokerWrapper]   Keep redirected STDIN open: 'False'
[2026-04-12 07:39:18Z INFO ProcessInvokerWrapper]   High priority process: 'False'
[2026-04-12 07:39:18Z INFO ProcessInvokerWrapper] Process started with process id 39716, waiting for process exit.
[2026-04-12 07:39:18Z INFO ProcessInvokerWrapper] STDOUT/STDERR stream read finished.
[2026-04-12 07:39:18Z INFO ProcessInvokerWrapper] STDOUT/STDERR stream read finished.
[2026-04-12 07:39:18Z INFO ProcessInvokerWrapper] Finished process 39716 with exit code 0, and elapsed time 00:00:00.1352035.
[2026-04-12 07:39:18Z INFO Terminal] WRITE LINE: Service actions.runner.donnytramptramples-yt_clientV2.OWENEDWARD successfully installed
[2026-04-12 07:39:18Z INFO Terminal] WRITE LINE: Service actions.runner.donnytramptramples-yt_clientV2.OWENEDWARD successfully set recovery option
[2026-04-12 07:39:18Z INFO Terminal] WRITE LINE: Service actions.runner.donnytramptramples-yt_clientV2.OWENEDWARD successfully set to delayed auto start
[2026-04-12 07:39:18Z INFO Terminal] WRITE LINE: Service actions.runner.donnytramptramples-yt_clientV2.OWENEDWARD successfully configured
[2026-04-12 07:39:18Z INFO HostContext] Well known directory 'Bin': 'C:\Users\eleeh\Downloads\ytclientV2-2\ytclientV2\actions-runner\actions-runner\bin'
[2026-04-12 07:39:18Z INFO HostContext] Well known directory 'Root': 'C:\Users\eleeh\Downloads\ytclientV2-2\ytclientV2\actions-runner\actions-runner'
[2026-04-12 07:39:18Z INFO HostContext] Well known config file 'Service': 'C:\Users\eleeh\Downloads\ytclientV2-2\ytclientV2\actions-runner\actions-runner\.service'
[2026-04-12 07:39:18Z INFO WindowsServiceControlManager] Configuration was successful, trying to start the service
[2026-04-12 07:39:18Z INFO Terminal] WRITE LINE: Waiting for service to start...
[2026-04-12 07:40:18Z ERR  NativeWindowsServiceHelper] System.InvalidOperationException: Cannot start the service actions.runner.donnytramptramples-yt_clientV2.OWENEDWARD in a timely fashion.
   at GitHub.Runner.Listener.Configuration.NativeWindowsServiceHelper.StartService(String serviceName)
[2026-04-12 07:40:18Z ERR  Terminal] WRITE ERROR: Cannot start the service. Check the logs for more details.
[2026-04-12 07:40:18Z ERR  Runner] System.InvalidOperationException: Cannot start the service actions.runner.donnytramptramples-yt_clientV2.OWENEDWARD in a timely fashion.
   at GitHub.Runner.Listener.Configuration.NativeWindowsServiceHelper.StartService(String serviceName)
   at GitHub.Runner.Listener.Configuration.WindowsServiceControlManager.ConfigureService(RunnerSettings settings, CommandSettings command)
   at GitHub.Runner.Listener.Configuration.ConfigurationManager.ConfigureAsync(CommandSettings command)
   at GitHub.Runner.Listener.Runner.ExecuteCommand(CommandSettings command)
[2026-04-12 07:40:18Z ERR  Terminal] WRITE ERROR: Cannot start the service actions.runner.donnytramptramples-yt_clientV2.OWENEDWARD in a timely fashion.
[2026-04-12 07:40:18Z INFO Listener] Runner execution has finished with return code 1
