[2026-04-12 09:03:00Z INFO HostContext] No proxy settings were found based on environmental variables (http_proxy/https_proxy/HTTP_PROXY/HTTPS_PROXY)
[2026-04-12 09:03:00Z INFO HostContext] Well known directory 'Bin': 'C:\Users\eleeh\Downloads\ytclientV2-2\ytclientV2\actions-runner\actions-runner\bin'
[2026-04-12 09:03:00Z INFO HostContext] Well known directory 'Root': 'C:\Users\eleeh\Downloads\ytclientV2-2\ytclientV2\actions-runner\actions-runner'
[2026-04-12 09:03:00Z INFO HostContext] Well known config file 'Credentials': 'C:\Users\eleeh\Downloads\ytclientV2-2\ytclientV2\actions-runner\actions-runner\.credentials'
[2026-04-12 09:03:00Z INFO HostContext] Well known directory 'Bin': 'C:\Users\eleeh\Downloads\ytclientV2-2\ytclientV2\actions-runner\actions-runner\bin'
[2026-04-12 09:03:00Z INFO HostContext] Well known directory 'Root': 'C:\Users\eleeh\Downloads\ytclientV2-2\ytclientV2\actions-runner\actions-runner'
[2026-04-12 09:03:00Z INFO HostContext] Well known config file 'Runner': 'C:\Users\eleeh\Downloads\ytclientV2-2\ytclientV2\actions-runner\actions-runner\.runner'
[2026-04-12 09:03:01Z INFO Listener] Runner is built for Windows (X64) - win-x64.
[2026-04-12 09:03:01Z INFO Listener] RuntimeInformation: Microsoft Windows 10.0.26200.
[2026-04-12 09:03:01Z INFO Listener] Version: 2.333.1
[2026-04-12 09:03:01Z INFO Listener] Commit: 6792966801e8925346735b68c03bf9f347af4646
[2026-04-12 09:03:01Z INFO Listener] Culture: en-HK
[2026-04-12 09:03:01Z INFO Listener] UI Culture: en-GB
[2026-04-12 09:03:01Z INFO HostContext] Well known directory 'Bin': 'C:\Users\eleeh\Downloads\ytclientV2-2\ytclientV2\actions-runner\actions-runner\bin'
[2026-04-12 09:03:01Z INFO HostContext] Well known directory 'Root': 'C:\Users\eleeh\Downloads\ytclientV2-2\ytclientV2\actions-runner\actions-runner'
[2026-04-12 09:03:01Z INFO Listener] Validating directory permissions for: 'C:\Users\eleeh\Downloads\ytclientV2-2\ytclientV2\actions-runner\actions-runner'
[2026-04-12 09:03:01Z INFO CommandLineParser] Parse
[2026-04-12 09:03:01Z INFO CommandLineParser] Parsing 3 args
[2026-04-12 09:03:01Z INFO CommandLineParser] parsing argument
[2026-04-12 09:03:01Z INFO CommandLineParser] HasArgs: False
[2026-04-12 09:03:01Z INFO CommandLineParser] Adding Command: run
[2026-04-12 09:03:01Z INFO CommandLineParser] parsing argument
[2026-04-12 09:03:01Z INFO CommandLineParser] HasArgs: True
[2026-04-12 09:03:01Z INFO CommandLineParser] arg: startuptype
[2026-04-12 09:03:01Z INFO CommandLineParser] parsing argument
[2026-04-12 09:03:01Z INFO CommandLineParser] HasArgs: True
[2026-04-12 09:03:01Z INFO CommandLineParser] Adding option 'startuptype': 'service'
[2026-04-12 09:03:01Z INFO Listener] Arguments parsed
[2026-04-12 09:03:01Z INFO Runner] ExecuteCommand
[2026-04-12 09:03:01Z INFO ConfigurationStore] currentAssemblyLocation: C:\Users\eleeh\Downloads\ytclientV2-2\ytclientV2\actions-runner\actions-runner\bin\Runner.Listener.dll
[2026-04-12 09:03:01Z INFO HostContext] Well known directory 'Bin': 'C:\Users\eleeh\Downloads\ytclientV2-2\ytclientV2\actions-runner\actions-runner\bin'
[2026-04-12 09:03:01Z INFO ConfigurationStore] binPath: C:\Users\eleeh\Downloads\ytclientV2-2\ytclientV2\actions-runner\actions-runner\bin
[2026-04-12 09:03:01Z INFO HostContext] Well known directory 'Bin': 'C:\Users\eleeh\Downloads\ytclientV2-2\ytclientV2\actions-runner\actions-runner\bin'
[2026-04-12 09:03:01Z INFO HostContext] Well known directory 'Root': 'C:\Users\eleeh\Downloads\ytclientV2-2\ytclientV2\actions-runner\actions-runner'
[2026-04-12 09:03:01Z INFO ConfigurationStore] RootFolder: C:\Users\eleeh\Downloads\ytclientV2-2\ytclientV2\actions-runner\actions-runner
[2026-04-12 09:03:01Z INFO HostContext] Well known directory 'Bin': 'C:\Users\eleeh\Downloads\ytclientV2-2\ytclientV2\actions-runner\actions-runner\bin'
[2026-04-12 09:03:01Z INFO HostContext] Well known directory 'Root': 'C:\Users\eleeh\Downloads\ytclientV2-2\ytclientV2\actions-runner\actions-runner'
[2026-04-12 09:03:01Z INFO HostContext] Well known config file 'Runner': 'C:\Users\eleeh\Downloads\ytclientV2-2\ytclientV2\actions-runner\actions-runner\.runner'
[2026-04-12 09:03:01Z INFO ConfigurationStore] ConfigFilePath: C:\Users\eleeh\Downloads\ytclientV2-2\ytclientV2\actions-runner\actions-runner\.runner
[2026-04-12 09:03:01Z INFO HostContext] Well known directory 'Bin': 'C:\Users\eleeh\Downloads\ytclientV2-2\ytclientV2\actions-runner\actions-runner\bin'
[2026-04-12 09:03:01Z INFO HostContext] Well known directory 'Root': 'C:\Users\eleeh\Downloads\ytclientV2-2\ytclientV2\actions-runner\actions-runner'
[2026-04-12 09:03:01Z INFO HostContext] Well known config file 'MigratedRunner': 'C:\Users\eleeh\Downloads\ytclientV2-2\ytclientV2\actions-runner\actions-runner\.runner_migrated'
[2026-04-12 09:03:01Z INFO ConfigurationStore] MigratedConfigFilePath: C:\Users\eleeh\Downloads\ytclientV2-2\ytclientV2\actions-runner\actions-runner\.runner_migrated
[2026-04-12 09:03:01Z INFO HostContext] Well known directory 'Bin': 'C:\Users\eleeh\Downloads\ytclientV2-2\ytclientV2\actions-runner\actions-runner\bin'
[2026-04-12 09:03:01Z INFO HostContext] Well known directory 'Root': 'C:\Users\eleeh\Downloads\ytclientV2-2\ytclientV2\actions-runner\actions-runner'
[2026-04-12 09:03:01Z INFO HostContext] Well known config file 'Credentials': 'C:\Users\eleeh\Downloads\ytclientV2-2\ytclientV2\actions-runner\actions-runner\.credentials'
[2026-04-12 09:03:01Z INFO ConfigurationStore] CredFilePath: C:\Users\eleeh\Downloads\ytclientV2-2\ytclientV2\actions-runner\actions-runner\.credentials
[2026-04-12 09:03:01Z INFO HostContext] Well known directory 'Bin': 'C:\Users\eleeh\Downloads\ytclientV2-2\ytclientV2\actions-runner\actions-runner\bin'
[2026-04-12 09:03:01Z INFO HostContext] Well known directory 'Root': 'C:\Users\eleeh\Downloads\ytclientV2-2\ytclientV2\actions-runner\actions-runner'
[2026-04-12 09:03:01Z INFO HostContext] Well known config file 'MigratedCredentials': 'C:\Users\eleeh\Downloads\ytclientV2-2\ytclientV2\actions-runner\actions-runner\.credentials_migrated'
[2026-04-12 09:03:01Z INFO ConfigurationStore] MigratedCredFilePath: C:\Users\eleeh\Downloads\ytclientV2-2\ytclientV2\actions-runner\actions-runner\.credentials_migrated
[2026-04-12 09:03:01Z INFO HostContext] Well known directory 'Bin': 'C:\Users\eleeh\Downloads\ytclientV2-2\ytclientV2\actions-runner\actions-runner\bin'
[2026-04-12 09:03:01Z INFO HostContext] Well known directory 'Root': 'C:\Users\eleeh\Downloads\ytclientV2-2\ytclientV2\actions-runner\actions-runner'
[2026-04-12 09:03:01Z INFO HostContext] Well known config file 'Service': 'C:\Users\eleeh\Downloads\ytclientV2-2\ytclientV2\actions-runner\actions-runner\.service'
[2026-04-12 09:03:01Z INFO ConfigurationStore] ServiceConfigFilePath: C:\Users\eleeh\Downloads\ytclientV2-2\ytclientV2\actions-runner\actions-runner\.service
[2026-04-12 09:03:01Z INFO CommandSettings] Flag 'help': 'False'
[2026-04-12 09:03:01Z INFO CommandSettings] Flag 'version': 'False'
[2026-04-12 09:03:01Z INFO CommandSettings] Flag 'commit': 'False'
[2026-04-12 09:03:01Z INFO CommandSettings] Flag 'check': 'False'
[2026-04-12 09:03:01Z INFO CommandSettings] Command 'configure': 'False'
[2026-04-12 09:03:01Z INFO CommandSettings] Command 'remove': 'False'
[2026-04-12 09:03:01Z INFO CommandSettings] Command 'warmup': 'False'
[2026-04-12 09:03:01Z INFO ConfigurationManager] LoadSettings
[2026-04-12 09:03:01Z INFO ConfigurationStore] IsConfigured()
[2026-04-12 09:03:01Z INFO ConfigurationStore] IsConfigured: True
[2026-04-12 09:03:01Z INFO ConfigurationManager] Is configured: True
[2026-04-12 09:03:01Z INFO ConfigurationStore] Read setting file: 404 chars
[2026-04-12 09:03:01Z INFO ConfigurationManager] Settings Loaded
[2026-04-12 09:03:01Z INFO ConfigurationStore] IsServiceConfigured()
[2026-04-12 09:03:01Z INFO ConfigurationStore] IsServiceConfigured: True
[2026-04-12 09:03:01Z INFO CommandSettings] Command 'run': 'True'
[2026-04-12 09:03:01Z INFO ConfigurationStore] IsConfigured()
[2026-04-12 09:03:01Z INFO ConfigurationStore] IsConfigured: True
[2026-04-12 09:03:01Z INFO ConfigurationManager] Is configured: True
[2026-04-12 09:03:01Z INFO Runner] Set runner startup type - Service
[2026-04-12 09:03:01Z INFO CommandSettings] Flag 'once': 'False'
[2026-04-12 09:03:01Z INFO CommandSettings] Flag 'once': 'False'
[2026-04-12 09:03:01Z INFO Runner] RunAsync
[2026-04-12 09:03:01Z INFO HostContext] Well known directory 'Bin': 'C:\Users\eleeh\Downloads\ytclientV2-2\ytclientV2\actions-runner\actions-runner\bin'
[2026-04-12 09:03:01Z INFO HostContext] Well known directory 'Root': 'C:\Users\eleeh\Downloads\ytclientV2-2\ytclientV2\actions-runner\actions-runner'
[2026-04-12 09:03:01Z INFO HostContext] Well known directory 'Work': 'C:\Users\eleeh\Downloads\ytclientV2-2\ytclientV2\actions-runner\actions-runner\_work'
[2026-04-12 09:03:01Z INFO Runner] Validating directory permissions for: 'C:\Users\eleeh\Downloads\ytclientV2-2\ytclientV2\actions-runner\actions-runner\_work'
[2026-04-12 09:03:01Z INFO ConfigurationManager] LoadMigratedSettings
[2026-04-12 09:03:01Z INFO ConfigurationStore] IsMigratedConfigured()
[2026-04-12 09:03:01Z INFO ConfigurationStore] IsMigratedConfigured: False
[2026-04-12 09:03:01Z INFO Runner] Failed to load migrated settings: No migrated configuration found.
[2026-04-12 09:03:01Z INFO Runner] Falling back to original .runner settings
[2026-04-12 09:03:01Z INFO Runner] Using BrokerMessageListener
[2026-04-12 09:03:01Z INFO BrokerMessageListener] Using provided settings
[2026-04-12 09:03:01Z INFO BrokerMessageListener] {
  "AgentId": 2,
  "AgentName": "OWENEDWARD",
  "PoolId": 1,
  "PoolName": "Default",
  "ServerUrl": "https://pipelinesghubeus21.actions.githubusercontent.com/2qPgtTaD5rUZ05RMYMOVHwupyBcj7pfB0x4p6jYQRICYoPsk3k/",
  "GitHubUrl": "https://github.com/donnytramptramples/yt_clientV2",
  "WorkFolder": "_work",
  "UseV2Flow": true,
  "ServerUrlV2": "https://broker.actions.githubusercontent.com/"
}
[2026-04-12 09:03:01Z INFO BrokerMessageListener] Loading Credentials
[2026-04-12 09:03:01Z INFO ConfigurationStore] HasCredentials()
[2026-04-12 09:03:01Z INFO ConfigurationStore] stored True
[2026-04-12 09:03:01Z INFO CredentialManager] GetCredentialProvider
[2026-04-12 09:03:01Z INFO CredentialManager] Creating type OAuth
[2026-04-12 09:03:01Z INFO CredentialManager] Creating credential type: OAuth
[2026-04-12 09:03:01Z INFO HostContext] Well known directory 'Bin': 'C:\Users\eleeh\Downloads\ytclientV2-2\ytclientV2\actions-runner\actions-runner\bin'
[2026-04-12 09:03:01Z INFO HostContext] Well known directory 'Root': 'C:\Users\eleeh\Downloads\ytclientV2-2\ytclientV2\actions-runner\actions-runner'
[2026-04-12 09:03:01Z INFO HostContext] Well known config file 'RSACredentials': 'C:\Users\eleeh\Downloads\ytclientV2-2\ytclientV2\actions-runner\actions-runner\.credentials_rsaparams'
[2026-04-12 09:03:01Z INFO RSAEncryptedFileKeyManager] Loading RSA key parameters from file C:\Users\eleeh\Downloads\ytclientV2-2\ytclientV2\actions-runner\actions-runner\.credentials_rsaparams
[2026-04-12 09:03:01Z INFO BrokerMessageListener] Attempt to create session.
[2026-04-12 09:03:01Z INFO BrokerMessageListener] Connecting to the Broker Server...
[2026-04-12 09:03:01Z INFO ConfigurationStore] HasCredentials()
[2026-04-12 09:03:01Z INFO ConfigurationStore] stored True
[2026-04-12 09:03:01Z INFO CredentialManager] GetCredentialProvider
[2026-04-12 09:03:01Z INFO CredentialManager] Creating type OAuth
[2026-04-12 09:03:01Z INFO CredentialManager] Creating credential type: OAuth
[2026-04-12 09:03:01Z INFO RSAEncryptedFileKeyManager] Loading RSA key parameters from file C:\Users\eleeh\Downloads\ytclientV2-2\ytclientV2\actions-runner\actions-runner\.credentials_rsaparams
[2026-04-12 09:03:01Z INFO BrokerMessageListener] VssConnection created
[2026-04-12 09:03:01Z INFO BrokerMessageListener] Connecting to the Runner server...
[2026-04-12 09:03:01Z INFO RunnerServer] EstablishVssConnection
[2026-04-12 09:03:01Z INFO RunnerServer] Establish connection with 100 seconds timeout.
[2026-04-12 09:03:01Z INFO GitHubActionsService] Starting operation Location.GetConnectionData
[2026-04-12 09:03:01Z INFO RunnerServer] EstablishVssConnection
[2026-04-12 09:03:01Z INFO RunnerServer] Establish connection with 60 seconds timeout.
[2026-04-12 09:03:01Z INFO GitHubActionsService] Starting operation Location.GetConnectionData
[2026-04-12 09:03:01Z INFO RunnerServer] EstablishVssConnection
[2026-04-12 09:03:01Z INFO RunnerServer] Establish connection with 60 seconds timeout.
[2026-04-12 09:03:01Z INFO GitHubActionsService] Starting operation Location.GetConnectionData
[2026-04-12 09:03:02Z INFO GitHubActionsService] Finished operation Location.GetConnectionData
[2026-04-12 09:03:02Z INFO GitHubActionsService] Finished operation Location.GetConnectionData
[2026-04-12 09:03:02Z INFO GitHubActionsService] Finished operation Location.GetConnectionData
[2026-04-12 09:03:02Z INFO BrokerMessageListener] VssConnection created
[2026-04-12 09:03:02Z INFO Terminal] WRITE LINE: 
[2026-04-12 09:03:02Z INFO Terminal] WRITE LINE: 
[2026-04-12 09:03:02Z INFO RSAEncryptedFileKeyManager] Loading RSA key parameters from file C:\Users\eleeh\Downloads\ytclientV2-2\ytclientV2\actions-runner\actions-runner\.credentials_rsaparams
[2026-04-12 09:03:02Z INFO RSAEncryptedFileKeyManager] Loading RSA key parameters from file C:\Users\eleeh\Downloads\ytclientV2-2\ytclientV2\actions-runner\actions-runner\.credentials_rsaparams
[2026-04-12 09:03:03Z INFO GitHubActionsService] AAD Correlation ID for this token request: Unknown
[2026-04-12 09:03:03Z INFO BrokerMessageListener] Session created.
[2026-04-12 09:03:03Z INFO Terminal] WRITE LINE: Current runner version: '2.333.1'
[2026-04-12 09:03:03Z INFO Terminal] WRITE LINE: 2026-04-12 09:03:03Z: Listening for Jobs
[2026-04-12 09:03:03Z INFO JobDispatcher] Set runner/worker IPC timeout to 30 seconds.
[2026-04-12 09:12:24Z INFO BrokerMessageListener] Acknowledging runner request 'e87722e3-df75-5a94-9671-6a94329579a0'.
[2026-04-12 09:12:24Z INFO ConfigurationStore] HasCredentials()
[2026-04-12 09:12:24Z INFO ConfigurationStore] stored True
[2026-04-12 09:12:24Z INFO CredentialManager] GetCredentialProvider
[2026-04-12 09:12:24Z INFO CredentialManager] Creating type OAuth
[2026-04-12 09:12:24Z INFO CredentialManager] Creating credential type: OAuth
[2026-04-12 09:12:24Z INFO RSAEncryptedFileKeyManager] Loading RSA key parameters from file C:\Users\eleeh\Downloads\ytclientV2-2\ytclientV2\actions-runner\actions-runner\.credentials_rsaparams
[2026-04-12 09:12:24Z INFO RSAEncryptedFileKeyManager] Loading RSA key parameters from file C:\Users\eleeh\Downloads\ytclientV2-2\ytclientV2\actions-runner\actions-runner\.credentials_rsaparams
[2026-04-12 09:12:24Z INFO RSAEncryptedFileKeyManager] Loading RSA key parameters from file C:\Users\eleeh\Downloads\ytclientV2-2\ytclientV2\actions-runner\actions-runner\.credentials_rsaparams
[2026-04-12 09:12:25Z INFO GitHubActionsService] AAD Correlation ID for this token request: Unknown
[2026-04-12 09:12:26Z INFO JobDispatcher] Job request 0 for plan d902c7e7-8f6a-4b57-bdf8-44d00b6008b4 job e87722e3-df75-5a94-9671-6a94329579a0 received.
[2026-04-12 09:12:26Z INFO JobDispatcher] Pull OrchestrationId d902c7e7-8f6a-4b57-bdf8-44d00b6008b4.deploy.__default from JWT claims
[2026-04-12 09:12:26Z INFO BrokerMessageListener] Received job status event. JobState: Busy
[2026-04-12 09:12:26Z INFO BrokerMessageListener] _getMessagesTokenSource is already disposed.
[2026-04-12 09:12:26Z INFO Terminal] WRITE LINE: 2026-04-12 09:12:26Z: Running job: deploy
[2026-04-12 09:12:26Z INFO JobDispatcher] Start renew job request 0 for job e87722e3-df75-5a94-9671-6a94329579a0.
[2026-04-12 09:12:27Z INFO JobDispatcher] Successfully renew job e87722e3-df75-5a94-9671-6a94329579a0, job is valid till 12/4/2026 9:22:26 am
[2026-04-12 09:12:27Z INFO HostContext] Well known directory 'Bin': 'C:\Users\eleeh\Downloads\ytclientV2-2\ytclientV2\actions-runner\actions-runner\bin'
[2026-04-12 09:12:27Z INFO ProcessInvokerWrapper] Starting process:
[2026-04-12 09:12:27Z INFO ProcessInvokerWrapper]   File name: 'C:\Users\eleeh\Downloads\ytclientV2-2\ytclientV2\actions-runner\actions-runner\bin\Runner.Worker.exe'
[2026-04-12 09:12:27Z INFO ProcessInvokerWrapper]   Arguments: 'spawnclient 1560 1712'
[2026-04-12 09:12:27Z INFO ProcessInvokerWrapper]   Working directory: 'C:\Users\eleeh\Downloads\ytclientV2-2\ytclientV2\actions-runner\actions-runner\bin'
[2026-04-12 09:12:27Z INFO ProcessInvokerWrapper]   Require exit code zero: 'False'
[2026-04-12 09:12:27Z INFO ProcessInvokerWrapper]   Encoding web name:  ; code page: ''
[2026-04-12 09:12:27Z INFO ProcessInvokerWrapper]   Force kill process on cancellation: 'True'
[2026-04-12 09:12:27Z INFO ProcessInvokerWrapper]   Redirected STDIN: 'False'
[2026-04-12 09:12:27Z INFO ProcessInvokerWrapper]   Persist current code page: 'False'
[2026-04-12 09:12:27Z INFO ProcessInvokerWrapper]   Keep redirected STDIN open: 'False'
[2026-04-12 09:12:27Z INFO ProcessInvokerWrapper]   High priority process: 'True'
[2026-04-12 09:12:27Z INFO ProcessInvokerWrapper] Process started with process id 18048, waiting for process exit.
[2026-04-12 09:12:27Z INFO JobDispatcher] Send job request message to worker for job e87722e3-df75-5a94-9671-6a94329579a0.
[2026-04-12 09:12:27Z INFO ProcessChannel] Sending message of length 20834, with hash '39683c575fb7c8bf461a2a2b965a7d6da6d84b109006f4f3ac34f180656ccb4b'
[2026-04-12 09:12:27Z INFO JobNotification] Entering JobStarted Notification
[2026-04-12 09:12:27Z INFO JobNotification] Entering StartMonitor
[2026-04-12 09:12:34Z INFO ProcessInvokerWrapper] STDOUT/STDERR stream read finished.
[2026-04-12 09:12:34Z INFO ProcessInvokerWrapper] STDOUT/STDERR stream read finished.
[2026-04-12 09:12:34Z INFO ProcessInvokerWrapper] Finished process 18048 with exit code 100, and elapsed time 00:00:07.0834081.
[2026-04-12 09:12:34Z INFO JobDispatcher] Worker finished for job e87722e3-df75-5a94-9671-6a94329579a0. Code: 100
[2026-04-12 09:12:34Z INFO JobDispatcher] finish job request for job e87722e3-df75-5a94-9671-6a94329579a0 with result: Succeeded
[2026-04-12 09:12:34Z INFO Terminal] WRITE LINE: 2026-04-12 09:12:34Z: Job deploy completed with result: Succeeded
[2026-04-12 09:12:34Z INFO JobDispatcher] Stop renew job request for job e87722e3-df75-5a94-9671-6a94329579a0.
[2026-04-12 09:12:34Z INFO JobDispatcher] job renew has been cancelled, stop renew job e87722e3-df75-5a94-9671-6a94329579a0.
[2026-04-12 09:12:34Z INFO JobNotification] Entering JobCompleted Notification
[2026-04-12 09:12:34Z INFO JobNotification] Entering EndMonitor
[2026-04-12 09:12:34Z INFO BrokerMessageListener] Received job status event. JobState: Online
[2026-04-12 09:12:34Z WARN GitHubActionsService] GET request to https://broker.actions.githubusercontent.com/message?sessionId=9f60d8d2-18df-46f1-a45b-b636b3b92079&status=Busy&runnerVersion=2.333.1&os=Windows&architecture=X64&disableUpdate=false has been cancelled.
[2026-04-12 09:12:34Z ERR  BrokerServer] Catch exception during request
[2026-04-12 09:12:34Z ERR  BrokerServer] System.Threading.Tasks.TaskCanceledException: The operation was canceled.
 ---> System.Threading.Tasks.TaskCanceledException: The operation was canceled.
 ---> System.IO.IOException: Unable to read data from the transport connection: The I/O operation has been aborted because of either a thread exit or an application request..
 ---> System.Net.Sockets.SocketException (995): The I/O operation has been aborted because of either a thread exit or an application request.
   --- End of inner exception stack trace ---
   at System.Net.Sockets.Socket.AwaitableSocketAsyncEventArgs.ThrowException(SocketError error, CancellationToken cancellationToken)
   at System.Net.Sockets.Socket.AwaitableSocketAsyncEventArgs.System.Threading.Tasks.Sources.IValueTaskSource<System.Int32>.GetResult(Int16 token)
   at System.Net.Security.SslStream.EnsureFullTlsFrameAsync[TIOAdapter](CancellationToken cancellationToken, Int32 estimatedSize)
   at System.Runtime.CompilerServices.PoolingAsyncValueTaskMethodBuilder`1.StateMachineBox`1.System.Threading.Tasks.Sources.IValueTaskSource<TResult>.GetResult(Int16 token)
   at System.Net.Security.SslStream.ReadAsyncInternal[TIOAdapter](Memory`1 buffer, CancellationToken cancellationToken)
   at System.Runtime.CompilerServices.PoolingAsyncValueTaskMethodBuilder`1.StateMachineBox`1.System.Threading.Tasks.Sources.IValueTaskSource<TResult>.GetResult(Int16 token)
   at System.Net.Http.HttpConnection.SendAsync(HttpRequestMessage request, Boolean async, CancellationToken cancellationToken)
   --- End of inner exception stack trace ---
   at System.Net.Http.HttpConnection.SendAsync(HttpRequestMessage request, Boolean async, CancellationToken cancellationToken)
   at System.Net.Http.AuthenticationHelper.SendWithNtAuthAsync(HttpRequestMessage request, Uri authUri, Boolean async, ICredentials credentials, Boolean isProxyAuth, HttpConnection connection, HttpConnectionPool connectionPool, CancellationToken cancellationToken)
   at System.Net.Http.HttpConnectionPool.SendWithVersionDetectionAndRetryAsync(HttpRequestMessage request, Boolean async, Boolean doRequestAuth, CancellationToken cancellationToken)
   at System.Net.Http.AuthenticationHelper.SendWithAuthAsync(HttpRequestMessage request, Uri authUri, Boolean async, ICredentials credentials, Boolean preAuthenticate, Boolean isProxyAuth, Boolean doRequestAuth, HttpConnectionPool pool, CancellationToken cancellationToken)
   at System.Net.Http.RedirectHandler.SendAsync(HttpRequestMessage request, Boolean async, CancellationToken cancellationToken)
   at GitHub.Services.Common.RawHttpMessageHandler.SendAsync(HttpRequestMessage request, CancellationToken cancellationToken)
   at GitHub.Services.Common.VssHttpRetryMessageHandler.SendAsync(HttpRequestMessage request, CancellationToken cancellationToken)
   at System.Net.Http.HttpClient.<SendAsync>g__Core|83_0(HttpRequestMessage request, HttpCompletionOption completionOption, CancellationTokenSource cts, Boolean disposeCts, CancellationTokenSource pendingRequestsCts, CancellationToken originalCancellationToken)
   --- End of inner exception stack trace ---
   at System.Net.Http.HttpClient.HandleFailure(Exception e, Boolean telemetryStarted, HttpResponseMessage response, CancellationTokenSource cts, CancellationToken cancellationToken, CancellationTokenSource pendingRequestsCts)
   at System.Net.Http.HttpClient.<SendAsync>g__Core|83_0(HttpRequestMessage request, HttpCompletionOption completionOption, CancellationTokenSource cts, Boolean disposeCts, CancellationTokenSource pendingRequestsCts, CancellationToken originalCancellationToken)
   at Sdk.WebApi.WebApi.RawHttpClientBase.SendAsync(HttpRequestMessage message, HttpCompletionOption completionOption, Object userState, CancellationToken cancellationToken)
   at Sdk.WebApi.WebApi.RawHttpClientBase.SendAsync[T](HttpRequestMessage message, Boolean readErrorBody, Object userState, CancellationToken cancellationToken)
   at Sdk.WebApi.WebApi.RawHttpClientBase.SendAsync[T](HttpMethod method, IEnumerable`1 additionalHeaders, Uri requestUri, HttpContent content, IEnumerable`1 queryParameters, Boolean readErrorBody, Object userState, CancellationToken cancellationToken)
   at GitHub.Actions.RunService.WebApi.BrokerHttpClient.GetRunnerMessageAsync(Nullable`1 sessionId, String runnerVersion, Nullable`1 status, String os, String architecture, Nullable`1 disableUpdate, CancellationToken cancellationToken)
   at GitHub.Runner.Common.BrokerServer.<>c__DisplayClass7_0.<<GetRunnerMessageAsync>b__0>d.MoveNext()
--- End of stack trace from previous location ---
   at GitHub.Runner.Common.RunnerService.RetryRequest[T](Func`1 func, CancellationToken cancellationToken, Int32 maxAttempts, Func`2 shouldRetry)
[2026-04-12 09:12:34Z ERR  BrokerServer] #####################################################
[2026-04-12 09:12:34Z ERR  BrokerServer] System.Threading.Tasks.TaskCanceledException: The operation was canceled.
 ---> System.IO.IOException: Unable to read data from the transport connection: The I/O operation has been aborted because of either a thread exit or an application request..
 ---> System.Net.Sockets.SocketException (995): The I/O operation has been aborted because of either a thread exit or an application request.
   --- End of inner exception stack trace ---
   at System.Net.Sockets.Socket.AwaitableSocketAsyncEventArgs.ThrowException(SocketError error, CancellationToken cancellationToken)
   at System.Net.Sockets.Socket.AwaitableSocketAsyncEventArgs.System.Threading.Tasks.Sources.IValueTaskSource<System.Int32>.GetResult(Int16 token)
   at System.Net.Security.SslStream.EnsureFullTlsFrameAsync[TIOAdapter](CancellationToken cancellationToken, Int32 estimatedSize)
   at System.Runtime.CompilerServices.PoolingAsyncValueTaskMethodBuilder`1.StateMachineBox`1.System.Threading.Tasks.Sources.IValueTaskSource<TResult>.GetResult(Int16 token)
   at System.Net.Security.SslStream.ReadAsyncInternal[TIOAdapter](Memory`1 buffer, CancellationToken cancellationToken)
   at System.Runtime.CompilerServices.PoolingAsyncValueTaskMethodBuilder`1.StateMachineBox`1.System.Threading.Tasks.Sources.IValueTaskSource<TResult>.GetResult(Int16 token)
   at System.Net.Http.HttpConnection.SendAsync(HttpRequestMessage request, Boolean async, CancellationToken cancellationToken)
   --- End of inner exception stack trace ---
   at System.Net.Http.HttpConnection.SendAsync(HttpRequestMessage request, Boolean async, CancellationToken cancellationToken)
   at System.Net.Http.AuthenticationHelper.SendWithNtAuthAsync(HttpRequestMessage request, Uri authUri, Boolean async, ICredentials credentials, Boolean isProxyAuth, HttpConnection connection, HttpConnectionPool connectionPool, CancellationToken cancellationToken)
   at System.Net.Http.HttpConnectionPool.SendWithVersionDetectionAndRetryAsync(HttpRequestMessage request, Boolean async, Boolean doRequestAuth, CancellationToken cancellationToken)
   at System.Net.Http.AuthenticationHelper.SendWithAuthAsync(HttpRequestMessage request, Uri authUri, Boolean async, ICredentials credentials, Boolean preAuthenticate, Boolean isProxyAuth, Boolean doRequestAuth, HttpConnectionPool pool, CancellationToken cancellationToken)
   at System.Net.Http.RedirectHandler.SendAsync(HttpRequestMessage request, Boolean async, CancellationToken cancellationToken)
   at GitHub.Services.Common.RawHttpMessageHandler.SendAsync(HttpRequestMessage request, CancellationToken cancellationToken)
   at GitHub.Services.Common.VssHttpRetryMessageHandler.SendAsync(HttpRequestMessage request, CancellationToken cancellationToken)
   at System.Net.Http.HttpClient.<SendAsync>g__Core|83_0(HttpRequestMessage request, HttpCompletionOption completionOption, CancellationTokenSource cts, Boolean disposeCts, CancellationTokenSource pendingRequestsCts, CancellationToken originalCancellationToken)
[2026-04-12 09:12:34Z ERR  BrokerServer] #####################################################
[2026-04-12 09:12:34Z ERR  BrokerServer] System.IO.IOException: Unable to read data from the transport connection: The I/O operation has been aborted because of either a thread exit or an application request..
 ---> System.Net.Sockets.SocketException (995): The I/O operation has been aborted because of either a thread exit or an application request.
   --- End of inner exception stack trace ---
   at System.Net.Sockets.Socket.AwaitableSocketAsyncEventArgs.ThrowException(SocketError error, CancellationToken cancellationToken)
   at System.Net.Sockets.Socket.AwaitableSocketAsyncEventArgs.System.Threading.Tasks.Sources.IValueTaskSource<System.Int32>.GetResult(Int16 token)
   at System.Net.Security.SslStream.EnsureFullTlsFrameAsync[TIOAdapter](CancellationToken cancellationToken, Int32 estimatedSize)
   at System.Runtime.CompilerServices.PoolingAsyncValueTaskMethodBuilder`1.StateMachineBox`1.System.Threading.Tasks.Sources.IValueTaskSource<TResult>.GetResult(Int16 token)
   at System.Net.Security.SslStream.ReadAsyncInternal[TIOAdapter](Memory`1 buffer, CancellationToken cancellationToken)
   at System.Runtime.CompilerServices.PoolingAsyncValueTaskMethodBuilder`1.StateMachineBox`1.System.Threading.Tasks.Sources.IValueTaskSource<TResult>.GetResult(Int16 token)
   at System.Net.Http.HttpConnection.SendAsync(HttpRequestMessage request, Boolean async, CancellationToken cancellationToken)
[2026-04-12 09:12:34Z ERR  BrokerServer] #####################################################
[2026-04-12 09:12:34Z ERR  BrokerServer] System.Net.Sockets.SocketException (995): The I/O operation has been aborted because of either a thread exit or an application request.
[2026-04-12 09:12:34Z WARN BrokerServer] Back off 9.422 seconds before next retry. 4 attempt left.
[2026-04-12 09:12:34Z INFO BrokerMessageListener] Get messages has been cancelled using local token source. Continue to get messages with new status.
[2026-04-12 09:15:01Z INFO BrokerMessageListener] Acknowledging runner request '0a0864e8-e69d-5996-a4f8-d402d4689d0f'.
[2026-04-12 09:15:01Z INFO ConfigurationStore] HasCredentials()
[2026-04-12 09:15:01Z INFO ConfigurationStore] stored True
[2026-04-12 09:15:01Z INFO CredentialManager] GetCredentialProvider
[2026-04-12 09:15:01Z INFO CredentialManager] Creating type OAuth
[2026-04-12 09:15:01Z INFO CredentialManager] Creating credential type: OAuth
[2026-04-12 09:15:01Z INFO RSAEncryptedFileKeyManager] Loading RSA key parameters from file C:\Users\eleeh\Downloads\ytclientV2-2\ytclientV2\actions-runner\actions-runner\.credentials_rsaparams
[2026-04-12 09:15:01Z INFO RSAEncryptedFileKeyManager] Loading RSA key parameters from file C:\Users\eleeh\Downloads\ytclientV2-2\ytclientV2\actions-runner\actions-runner\.credentials_rsaparams
[2026-04-12 09:15:01Z INFO RSAEncryptedFileKeyManager] Loading RSA key parameters from file C:\Users\eleeh\Downloads\ytclientV2-2\ytclientV2\actions-runner\actions-runner\.credentials_rsaparams
[2026-04-12 09:15:02Z INFO GitHubActionsService] AAD Correlation ID for this token request: Unknown
[2026-04-12 09:15:03Z INFO JobDispatcher] Job request 0 for plan 9704d5e8-9e4a-4890-9b63-40baff79987a job 0a0864e8-e69d-5996-a4f8-d402d4689d0f received.
[2026-04-12 09:15:03Z INFO JobDispatcher] Pull OrchestrationId 9704d5e8-9e4a-4890-9b63-40baff79987a.deploy.__default from JWT claims
[2026-04-12 09:15:03Z INFO BrokerMessageListener] Received job status event. JobState: Busy
[2026-04-12 09:15:03Z INFO BrokerMessageListener] _getMessagesTokenSource is already disposed.
[2026-04-12 09:15:03Z INFO JobDispatcher] Job request e87722e3-df75-5a94-9671-6a94329579a0 processed succeed.
[2026-04-12 09:15:03Z INFO Terminal] WRITE LINE: 2026-04-12 09:15:03Z: Running job: deploy
[2026-04-12 09:15:03Z INFO JobDispatcher] Start renew job request 0 for job 0a0864e8-e69d-5996-a4f8-d402d4689d0f.
[2026-04-12 09:15:04Z INFO JobDispatcher] Successfully renew job 0a0864e8-e69d-5996-a4f8-d402d4689d0f, job is valid till 12/4/2026 9:25:03 am
[2026-04-12 09:15:04Z INFO HostContext] Well known directory 'Bin': 'C:\Users\eleeh\Downloads\ytclientV2-2\ytclientV2\actions-runner\actions-runner\bin'
[2026-04-12 09:15:04Z INFO ProcessInvokerWrapper] Starting process:
[2026-04-12 09:15:04Z INFO ProcessInvokerWrapper]   File name: 'C:\Users\eleeh\Downloads\ytclientV2-2\ytclientV2\actions-runner\actions-runner\bin\Runner.Worker.exe'
[2026-04-12 09:15:04Z INFO ProcessInvokerWrapper]   Arguments: 'spawnclient 2456 2480'
[2026-04-12 09:15:04Z INFO ProcessInvokerWrapper]   Working directory: 'C:\Users\eleeh\Downloads\ytclientV2-2\ytclientV2\actions-runner\actions-runner\bin'
[2026-04-12 09:15:04Z INFO ProcessInvokerWrapper]   Require exit code zero: 'False'
[2026-04-12 09:15:04Z INFO ProcessInvokerWrapper]   Encoding web name:  ; code page: ''
[2026-04-12 09:15:04Z INFO ProcessInvokerWrapper]   Force kill process on cancellation: 'True'
[2026-04-12 09:15:04Z INFO ProcessInvokerWrapper]   Redirected STDIN: 'False'
[2026-04-12 09:15:04Z INFO ProcessInvokerWrapper]   Persist current code page: 'False'
[2026-04-12 09:15:04Z INFO ProcessInvokerWrapper]   Keep redirected STDIN open: 'False'
[2026-04-12 09:15:04Z INFO ProcessInvokerWrapper]   High priority process: 'True'
[2026-04-12 09:15:04Z INFO ProcessInvokerWrapper] Process started with process id 12928, waiting for process exit.
[2026-04-12 09:15:04Z INFO JobDispatcher] Send job request message to worker for job 0a0864e8-e69d-5996-a4f8-d402d4689d0f.
[2026-04-12 09:15:04Z INFO ProcessChannel] Sending message of length 20762, with hash '6857cb472a5c45cd13387bc553217f70da611e9e854949cb12116a6d8a336adc'
[2026-04-12 09:15:04Z INFO JobNotification] Entering JobStarted Notification
[2026-04-12 09:15:04Z INFO JobNotification] Entering StartMonitor
[2026-04-12 09:15:10Z INFO ProcessInvokerWrapper] STDOUT/STDERR stream read finished.
[2026-04-12 09:15:10Z INFO ProcessInvokerWrapper] STDOUT/STDERR stream read finished.
[2026-04-12 09:15:10Z INFO ProcessInvokerWrapper] Finished process 12928 with exit code 100, and elapsed time 00:00:06.1613410.
[2026-04-12 09:15:10Z INFO JobDispatcher] Worker finished for job 0a0864e8-e69d-5996-a4f8-d402d4689d0f. Code: 100
[2026-04-12 09:15:10Z INFO JobDispatcher] finish job request for job 0a0864e8-e69d-5996-a4f8-d402d4689d0f with result: Succeeded
[2026-04-12 09:15:10Z INFO Terminal] WRITE LINE: 2026-04-12 09:15:10Z: Job deploy completed with result: Succeeded
[2026-04-12 09:15:10Z INFO JobDispatcher] Stop renew job request for job 0a0864e8-e69d-5996-a4f8-d402d4689d0f.
[2026-04-12 09:15:10Z INFO JobDispatcher] job renew has been cancelled, stop renew job 0a0864e8-e69d-5996-a4f8-d402d4689d0f.
[2026-04-12 09:15:10Z INFO JobNotification] Entering JobCompleted Notification
[2026-04-12 09:15:10Z INFO JobNotification] Entering EndMonitor
[2026-04-12 09:15:10Z INFO BrokerMessageListener] Received job status event. JobState: Online
[2026-04-12 09:15:10Z WARN GitHubActionsService] GET request to https://broker.actions.githubusercontent.com/message?sessionId=9f60d8d2-18df-46f1-a45b-b636b3b92079&status=Busy&runnerVersion=2.333.1&os=Windows&architecture=X64&disableUpdate=false has been cancelled.
[2026-04-12 09:15:10Z ERR  BrokerServer] Catch exception during request
[2026-04-12 09:15:10Z ERR  BrokerServer] System.Threading.Tasks.TaskCanceledException: The operation was canceled.
 ---> System.Threading.Tasks.TaskCanceledException: The operation was canceled.
 ---> System.IO.IOException: Unable to read data from the transport connection: The I/O operation has been aborted because of either a thread exit or an application request..
 ---> System.Net.Sockets.SocketException (995): The I/O operation has been aborted because of either a thread exit or an application request.
   --- End of inner exception stack trace ---
   at System.Net.Sockets.Socket.AwaitableSocketAsyncEventArgs.ThrowException(SocketError error, CancellationToken cancellationToken)
   at System.Net.Sockets.Socket.AwaitableSocketAsyncEventArgs.System.Threading.Tasks.Sources.IValueTaskSource<System.Int32>.GetResult(Int16 token)
   at System.Net.Security.SslStream.EnsureFullTlsFrameAsync[TIOAdapter](CancellationToken cancellationToken, Int32 estimatedSize)
   at System.Runtime.CompilerServices.PoolingAsyncValueTaskMethodBuilder`1.StateMachineBox`1.System.Threading.Tasks.Sources.IValueTaskSource<TResult>.GetResult(Int16 token)
   at System.Net.Security.SslStream.ReadAsyncInternal[TIOAdapter](Memory`1 buffer, CancellationToken cancellationToken)
   at System.Runtime.CompilerServices.PoolingAsyncValueTaskMethodBuilder`1.StateMachineBox`1.System.Threading.Tasks.Sources.IValueTaskSource<TResult>.GetResult(Int16 token)
   at System.Net.Http.HttpConnection.<EnsureReadAheadTaskHasStarted>g__ReadAheadWithZeroByteReadAsync|40_0()
   at System.Net.Http.HttpConnection.SendAsync(HttpRequestMessage request, Boolean async, CancellationToken cancellationToken)
   --- End of inner exception stack trace ---
   at System.Net.Http.HttpConnection.SendAsync(HttpRequestMessage request, Boolean async, CancellationToken cancellationToken)
   at System.Net.Http.AuthenticationHelper.SendWithNtAuthAsync(HttpRequestMessage request, Uri authUri, Boolean async, ICredentials credentials, Boolean isProxyAuth, HttpConnection connection, HttpConnectionPool connectionPool, CancellationToken cancellationToken)
   at System.Net.Http.HttpConnectionPool.SendWithVersionDetectionAndRetryAsync(HttpRequestMessage request, Boolean async, Boolean doRequestAuth, CancellationToken cancellationToken)
   at System.Net.Http.AuthenticationHelper.SendWithAuthAsync(HttpRequestMessage request, Uri authUri, Boolean async, ICredentials credentials, Boolean preAuthenticate, Boolean isProxyAuth, Boolean doRequestAuth, HttpConnectionPool pool, CancellationToken cancellationToken)
   at System.Net.Http.RedirectHandler.SendAsync(HttpRequestMessage request, Boolean async, CancellationToken cancellationToken)
   at GitHub.Services.Common.RawHttpMessageHandler.SendAsync(HttpRequestMessage request, CancellationToken cancellationToken)
   at GitHub.Services.Common.VssHttpRetryMessageHandler.SendAsync(HttpRequestMessage request, CancellationToken cancellationToken)
   at System.Net.Http.HttpClient.<SendAsync>g__Core|83_0(HttpRequestMessage request, HttpCompletionOption completionOption, CancellationTokenSource cts, Boolean disposeCts, CancellationTokenSource pendingRequestsCts, CancellationToken originalCancellationToken)
   --- End of inner exception stack trace ---
   at System.Net.Http.HttpClient.HandleFailure(Exception e, Boolean telemetryStarted, HttpResponseMessage response, CancellationTokenSource cts, CancellationToken cancellationToken, CancellationTokenSource pendingRequestsCts)
   at System.Net.Http.HttpClient.<SendAsync>g__Core|83_0(HttpRequestMessage request, HttpCompletionOption completionOption, CancellationTokenSource cts, Boolean disposeCts, CancellationTokenSource pendingRequestsCts, CancellationToken originalCancellationToken)
   at Sdk.WebApi.WebApi.RawHttpClientBase.SendAsync(HttpRequestMessage message, HttpCompletionOption completionOption, Object userState, CancellationToken cancellationToken)
   at Sdk.WebApi.WebApi.RawHttpClientBase.SendAsync[T](HttpRequestMessage message, Boolean readErrorBody, Object userState, CancellationToken cancellationToken)
   at Sdk.WebApi.WebApi.RawHttpClientBase.SendAsync[T](HttpMethod method, IEnumerable`1 additionalHeaders, Uri requestUri, HttpContent content, IEnumerable`1 queryParameters, Boolean readErrorBody, Object userState, CancellationToken cancellationToken)
   at GitHub.Actions.RunService.WebApi.BrokerHttpClient.GetRunnerMessageAsync(Nullable`1 sessionId, String runnerVersion, Nullable`1 status, String os, String architecture, Nullable`1 disableUpdate, CancellationToken cancellationToken)
   at GitHub.Runner.Common.BrokerServer.<>c__DisplayClass7_0.<<GetRunnerMessageAsync>b__0>d.MoveNext()
--- End of stack trace from previous location ---
   at GitHub.Runner.Common.RunnerService.RetryRequest[T](Func`1 func, CancellationToken cancellationToken, Int32 maxAttempts, Func`2 shouldRetry)
[2026-04-12 09:15:10Z ERR  BrokerServer] #####################################################
[2026-04-12 09:15:10Z ERR  BrokerServer] System.Threading.Tasks.TaskCanceledException: The operation was canceled.
 ---> System.IO.IOException: Unable to read data from the transport connection: The I/O operation has been aborted because of either a thread exit or an application request..
 ---> System.Net.Sockets.SocketException (995): The I/O operation has been aborted because of either a thread exit or an application request.
   --- End of inner exception stack trace ---
   at System.Net.Sockets.Socket.AwaitableSocketAsyncEventArgs.ThrowException(SocketError error, CancellationToken cancellationToken)
   at System.Net.Sockets.Socket.AwaitableSocketAsyncEventArgs.System.Threading.Tasks.Sources.IValueTaskSource<System.Int32>.GetResult(Int16 token)
   at System.Net.Security.SslStream.EnsureFullTlsFrameAsync[TIOAdapter](CancellationToken cancellationToken, Int32 estimatedSize)
   at System.Runtime.CompilerServices.PoolingAsyncValueTaskMethodBuilder`1.StateMachineBox`1.System.Threading.Tasks.Sources.IValueTaskSource<TResult>.GetResult(Int16 token)
   at System.Net.Security.SslStream.ReadAsyncInternal[TIOAdapter](Memory`1 buffer, CancellationToken cancellationToken)
   at System.Runtime.CompilerServices.PoolingAsyncValueTaskMethodBuilder`1.StateMachineBox`1.System.Threading.Tasks.Sources.IValueTaskSource<TResult>.GetResult(Int16 token)
   at System.Net.Http.HttpConnection.<EnsureReadAheadTaskHasStarted>g__ReadAheadWithZeroByteReadAsync|40_0()
   at System.Net.Http.HttpConnection.SendAsync(HttpRequestMessage request, Boolean async, CancellationToken cancellationToken)
   --- End of inner exception stack trace ---
   at System.Net.Http.HttpConnection.SendAsync(HttpRequestMessage request, Boolean async, CancellationToken cancellationToken)
   at System.Net.Http.AuthenticationHelper.SendWithNtAuthAsync(HttpRequestMessage request, Uri authUri, Boolean async, ICredentials credentials, Boolean isProxyAuth, HttpConnection connection, HttpConnectionPool connectionPool, CancellationToken cancellationToken)
   at System.Net.Http.HttpConnectionPool.SendWithVersionDetectionAndRetryAsync(HttpRequestMessage request, Boolean async, Boolean doRequestAuth, CancellationToken cancellationToken)
   at System.Net.Http.AuthenticationHelper.SendWithAuthAsync(HttpRequestMessage request, Uri authUri, Boolean async, ICredentials credentials, Boolean preAuthenticate, Boolean isProxyAuth, Boolean doRequestAuth, HttpConnectionPool pool, CancellationToken cancellationToken)
   at System.Net.Http.RedirectHandler.SendAsync(HttpRequestMessage request, Boolean async, CancellationToken cancellationToken)
   at GitHub.Services.Common.RawHttpMessageHandler.SendAsync(HttpRequestMessage request, CancellationToken cancellationToken)
   at GitHub.Services.Common.VssHttpRetryMessageHandler.SendAsync(HttpRequestMessage request, CancellationToken cancellationToken)
   at System.Net.Http.HttpClient.<SendAsync>g__Core|83_0(HttpRequestMessage request, HttpCompletionOption completionOption, CancellationTokenSource cts, Boolean disposeCts, CancellationTokenSource pendingRequestsCts, CancellationToken originalCancellationToken)
[2026-04-12 09:15:10Z ERR  BrokerServer] #####################################################
[2026-04-12 09:15:10Z ERR  BrokerServer] System.IO.IOException: Unable to read data from the transport connection: The I/O operation has been aborted because of either a thread exit or an application request..
 ---> System.Net.Sockets.SocketException (995): The I/O operation has been aborted because of either a thread exit or an application request.
   --- End of inner exception stack trace ---
   at System.Net.Sockets.Socket.AwaitableSocketAsyncEventArgs.ThrowException(SocketError error, CancellationToken cancellationToken)
   at System.Net.Sockets.Socket.AwaitableSocketAsyncEventArgs.System.Threading.Tasks.Sources.IValueTaskSource<System.Int32>.GetResult(Int16 token)
   at System.Net.Security.SslStream.EnsureFullTlsFrameAsync[TIOAdapter](CancellationToken cancellationToken, Int32 estimatedSize)
   at System.Runtime.CompilerServices.PoolingAsyncValueTaskMethodBuilder`1.StateMachineBox`1.System.Threading.Tasks.Sources.IValueTaskSource<TResult>.GetResult(Int16 token)
   at System.Net.Security.SslStream.ReadAsyncInternal[TIOAdapter](Memory`1 buffer, CancellationToken cancellationToken)
   at System.Runtime.CompilerServices.PoolingAsyncValueTaskMethodBuilder`1.StateMachineBox`1.System.Threading.Tasks.Sources.IValueTaskSource<TResult>.GetResult(Int16 token)
   at System.Net.Http.HttpConnection.<EnsureReadAheadTaskHasStarted>g__ReadAheadWithZeroByteReadAsync|40_0()
   at System.Net.Http.HttpConnection.SendAsync(HttpRequestMessage request, Boolean async, CancellationToken cancellationToken)
[2026-04-12 09:15:10Z ERR  BrokerServer] #####################################################
[2026-04-12 09:15:10Z ERR  BrokerServer] System.Net.Sockets.SocketException (995): The I/O operation has been aborted because of either a thread exit or an application request.
[2026-04-12 09:15:10Z WARN BrokerServer] Back off 13.691 seconds before next retry. 4 attempt left.
[2026-04-12 09:15:10Z INFO BrokerMessageListener] Get messages has been cancelled using local token source. Continue to get messages with new status.
[2026-04-12 09:19:33Z INFO BrokerMessageListener] Acknowledging runner request '8b4a285a-cbc7-5660-a25f-b48ac705ff58'.
[2026-04-12 09:19:33Z INFO ConfigurationStore] HasCredentials()
[2026-04-12 09:19:33Z INFO ConfigurationStore] stored True
[2026-04-12 09:19:33Z INFO CredentialManager] GetCredentialProvider
[2026-04-12 09:19:33Z INFO CredentialManager] Creating type OAuth
[2026-04-12 09:19:33Z INFO CredentialManager] Creating credential type: OAuth
[2026-04-12 09:19:33Z INFO RSAEncryptedFileKeyManager] Loading RSA key parameters from file C:\Users\eleeh\Downloads\ytclientV2-2\ytclientV2\actions-runner\actions-runner\.credentials_rsaparams
[2026-04-12 09:19:33Z INFO RSAEncryptedFileKeyManager] Loading RSA key parameters from file C:\Users\eleeh\Downloads\ytclientV2-2\ytclientV2\actions-runner\actions-runner\.credentials_rsaparams
[2026-04-12 09:19:33Z INFO RSAEncryptedFileKeyManager] Loading RSA key parameters from file C:\Users\eleeh\Downloads\ytclientV2-2\ytclientV2\actions-runner\actions-runner\.credentials_rsaparams
[2026-04-12 09:19:34Z INFO GitHubActionsService] AAD Correlation ID for this token request: Unknown
[2026-04-12 09:19:35Z INFO JobDispatcher] Job request 0 for plan 0f63cf08-a8c4-4a43-ae69-9e22b4975f44 job 8b4a285a-cbc7-5660-a25f-b48ac705ff58 received.
[2026-04-12 09:19:35Z INFO JobDispatcher] Pull OrchestrationId 0f63cf08-a8c4-4a43-ae69-9e22b4975f44.deploy.__default from JWT claims
[2026-04-12 09:19:35Z INFO BrokerMessageListener] Received job status event. JobState: Busy
[2026-04-12 09:19:35Z INFO BrokerMessageListener] _getMessagesTokenSource is already disposed.
[2026-04-12 09:19:35Z INFO JobDispatcher] Job request 0a0864e8-e69d-5996-a4f8-d402d4689d0f processed succeed.
[2026-04-12 09:19:35Z INFO Terminal] WRITE LINE: 2026-04-12 09:19:35Z: Running job: deploy
[2026-04-12 09:19:35Z INFO JobDispatcher] Start renew job request 0 for job 8b4a285a-cbc7-5660-a25f-b48ac705ff58.
[2026-04-12 09:19:36Z INFO JobDispatcher] Successfully renew job 8b4a285a-cbc7-5660-a25f-b48ac705ff58, job is valid till 12/4/2026 9:29:35 am
[2026-04-12 09:19:36Z INFO HostContext] Well known directory 'Bin': 'C:\Users\eleeh\Downloads\ytclientV2-2\ytclientV2\actions-runner\actions-runner\bin'
[2026-04-12 09:19:36Z INFO ProcessInvokerWrapper] Starting process:
[2026-04-12 09:19:36Z INFO ProcessInvokerWrapper]   File name: 'C:\Users\eleeh\Downloads\ytclientV2-2\ytclientV2\actions-runner\actions-runner\bin\Runner.Worker.exe'
[2026-04-12 09:19:36Z INFO ProcessInvokerWrapper]   Arguments: 'spawnclient 2596 2608'
[2026-04-12 09:19:36Z INFO ProcessInvokerWrapper]   Working directory: 'C:\Users\eleeh\Downloads\ytclientV2-2\ytclientV2\actions-runner\actions-runner\bin'
[2026-04-12 09:19:36Z INFO ProcessInvokerWrapper]   Require exit code zero: 'False'
[2026-04-12 09:19:36Z INFO ProcessInvokerWrapper]   Encoding web name:  ; code page: ''
[2026-04-12 09:19:36Z INFO ProcessInvokerWrapper]   Force kill process on cancellation: 'True'
[2026-04-12 09:19:36Z INFO ProcessInvokerWrapper]   Redirected STDIN: 'False'
[2026-04-12 09:19:36Z INFO ProcessInvokerWrapper]   Persist current code page: 'False'
[2026-04-12 09:19:36Z INFO ProcessInvokerWrapper]   Keep redirected STDIN open: 'False'
[2026-04-12 09:19:36Z INFO ProcessInvokerWrapper]   High priority process: 'True'
[2026-04-12 09:19:36Z INFO ProcessInvokerWrapper] Process started with process id 8036, waiting for process exit.
[2026-04-12 09:19:36Z INFO JobDispatcher] Send job request message to worker for job 8b4a285a-cbc7-5660-a25f-b48ac705ff58.
[2026-04-12 09:19:36Z INFO ProcessChannel] Sending message of length 20762, with hash 'a7327b2d27117e6dc6984171d53776cb32c2c66c48e2603ed8bb58d88f8244c6'
[2026-04-12 09:19:36Z INFO JobNotification] Entering JobStarted Notification
[2026-04-12 09:19:36Z INFO JobNotification] Entering StartMonitor
[2026-04-12 09:19:42Z INFO ProcessInvokerWrapper] STDOUT/STDERR stream read finished.
[2026-04-12 09:19:42Z INFO ProcessInvokerWrapper] STDOUT/STDERR stream read finished.
[2026-04-12 09:19:42Z INFO ProcessInvokerWrapper] Finished process 8036 with exit code 100, and elapsed time 00:00:06.0562584.
[2026-04-12 09:19:42Z INFO JobDispatcher] Worker finished for job 8b4a285a-cbc7-5660-a25f-b48ac705ff58. Code: 100
[2026-04-12 09:19:42Z INFO JobDispatcher] finish job request for job 8b4a285a-cbc7-5660-a25f-b48ac705ff58 with result: Succeeded
[2026-04-12 09:19:42Z INFO Terminal] WRITE LINE: 2026-04-12 09:19:42Z: Job deploy completed with result: Succeeded
[2026-04-12 09:19:42Z INFO JobDispatcher] Stop renew job request for job 8b4a285a-cbc7-5660-a25f-b48ac705ff58.
[2026-04-12 09:19:42Z INFO JobDispatcher] job renew has been cancelled, stop renew job 8b4a285a-cbc7-5660-a25f-b48ac705ff58.
[2026-04-12 09:19:42Z INFO JobNotification] Entering JobCompleted Notification
[2026-04-12 09:19:42Z INFO JobNotification] Entering EndMonitor
[2026-04-12 09:19:42Z INFO BrokerMessageListener] Received job status event. JobState: Online
[2026-04-12 09:19:42Z WARN GitHubActionsService] GET request to https://broker.actions.githubusercontent.com/message?sessionId=9f60d8d2-18df-46f1-a45b-b636b3b92079&status=Busy&runnerVersion=2.333.1&os=Windows&architecture=X64&disableUpdate=false has been cancelled.
[2026-04-12 09:19:42Z ERR  BrokerServer] Catch exception during request
[2026-04-12 09:19:42Z ERR  BrokerServer] System.Threading.Tasks.TaskCanceledException: The operation was canceled.
 ---> System.Threading.Tasks.TaskCanceledException: The operation was canceled.
 ---> System.IO.IOException: Unable to read data from the transport connection: The I/O operation has been aborted because of either a thread exit or an application request..
 ---> System.Net.Sockets.SocketException (995): The I/O operation has been aborted because of either a thread exit or an application request.
   --- End of inner exception stack trace ---
   at System.Net.Sockets.Socket.AwaitableSocketAsyncEventArgs.System.Threading.Tasks.Sources.IValueTaskSource<System.Int32>.GetResult(Int16 token)
   at System.Net.Security.SslStream.EnsureFullTlsFrameAsync[TIOAdapter](CancellationToken cancellationToken, Int32 estimatedSize)
   at System.Runtime.CompilerServices.PoolingAsyncValueTaskMethodBuilder`1.StateMachineBox`1.System.Threading.Tasks.Sources.IValueTaskSource<TResult>.GetResult(Int16 token)
   at System.Net.Security.SslStream.ReadAsyncInternal[TIOAdapter](Memory`1 buffer, CancellationToken cancellationToken)
   at System.Runtime.CompilerServices.PoolingAsyncValueTaskMethodBuilder`1.StateMachineBox`1.System.Threading.Tasks.Sources.IValueTaskSource<TResult>.GetResult(Int16 token)
   at System.Net.Http.HttpConnection.SendAsync(HttpRequestMessage request, Boolean async, CancellationToken cancellationToken)
   --- End of inner exception stack trace ---
   at System.Net.Http.HttpConnection.SendAsync(HttpRequestMessage request, Boolean async, CancellationToken cancellationToken)
   at System.Net.Http.AuthenticationHelper.SendWithNtAuthAsync(HttpRequestMessage request, Uri authUri, Boolean async, ICredentials credentials, Boolean isProxyAuth, HttpConnection connection, HttpConnectionPool connectionPool, CancellationToken cancellationToken)
   at System.Net.Http.HttpConnectionPool.SendWithVersionDetectionAndRetryAsync(HttpRequestMessage request, Boolean async, Boolean doRequestAuth, CancellationToken cancellationToken)
   at System.Net.Http.AuthenticationHelper.SendWithAuthAsync(HttpRequestMessage request, Uri authUri, Boolean async, ICredentials credentials, Boolean preAuthenticate, Boolean isProxyAuth, Boolean doRequestAuth, HttpConnectionPool pool, CancellationToken cancellationToken)
   at System.Net.Http.RedirectHandler.SendAsync(HttpRequestMessage request, Boolean async, CancellationToken cancellationToken)
   at GitHub.Services.Common.RawHttpMessageHandler.SendAsync(HttpRequestMessage request, CancellationToken cancellationToken)
   at GitHub.Services.Common.VssHttpRetryMessageHandler.SendAsync(HttpRequestMessage request, CancellationToken cancellationToken)
   at System.Net.Http.HttpClient.<SendAsync>g__Core|83_0(HttpRequestMessage request, HttpCompletionOption completionOption, CancellationTokenSource cts, Boolean disposeCts, CancellationTokenSource pendingRequestsCts, CancellationToken originalCancellationToken)
   --- End of inner exception stack trace ---
   at System.Net.Http.HttpClient.HandleFailure(Exception e, Boolean telemetryStarted, HttpResponseMessage response, CancellationTokenSource cts, CancellationToken cancellationToken, CancellationTokenSource pendingRequestsCts)
   at System.Net.Http.HttpClient.<SendAsync>g__Core|83_0(HttpRequestMessage request, HttpCompletionOption completionOption, CancellationTokenSource cts, Boolean disposeCts, CancellationTokenSource pendingRequestsCts, CancellationToken originalCancellationToken)
   at Sdk.WebApi.WebApi.RawHttpClientBase.SendAsync(HttpRequestMessage message, HttpCompletionOption completionOption, Object userState, CancellationToken cancellationToken)
   at Sdk.WebApi.WebApi.RawHttpClientBase.SendAsync[T](HttpRequestMessage message, Boolean readErrorBody, Object userState, CancellationToken cancellationToken)
   at Sdk.WebApi.WebApi.RawHttpClientBase.SendAsync[T](HttpMethod method, IEnumerable`1 additionalHeaders, Uri requestUri, HttpContent content, IEnumerable`1 queryParameters, Boolean readErrorBody, Object userState, CancellationToken cancellationToken)
   at GitHub.Actions.RunService.WebApi.BrokerHttpClient.GetRunnerMessageAsync(Nullable`1 sessionId, String runnerVersion, Nullable`1 status, String os, String architecture, Nullable`1 disableUpdate, CancellationToken cancellationToken)
   at GitHub.Runner.Common.BrokerServer.<>c__DisplayClass7_0.<<GetRunnerMessageAsync>b__0>d.MoveNext()
--- End of stack trace from previous location ---
   at GitHub.Runner.Common.RunnerService.RetryRequest[T](Func`1 func, CancellationToken cancellationToken, Int32 maxAttempts, Func`2 shouldRetry)
[2026-04-12 09:19:42Z ERR  BrokerServer] #####################################################
[2026-04-12 09:19:42Z ERR  BrokerServer] System.Threading.Tasks.TaskCanceledException: The operation was canceled.
 ---> System.IO.IOException: Unable to read data from the transport connection: The I/O operation has been aborted because of either a thread exit or an application request..
 ---> System.Net.Sockets.SocketException (995): The I/O operation has been aborted because of either a thread exit or an application request.
   --- End of inner exception stack trace ---
   at System.Net.Sockets.Socket.AwaitableSocketAsyncEventArgs.System.Threading.Tasks.Sources.IValueTaskSource<System.Int32>.GetResult(Int16 token)
   at System.Net.Security.SslStream.EnsureFullTlsFrameAsync[TIOAdapter](CancellationToken cancellationToken, Int32 estimatedSize)
   at System.Runtime.CompilerServices.PoolingAsyncValueTaskMethodBuilder`1.StateMachineBox`1.System.Threading.Tasks.Sources.IValueTaskSource<TResult>.GetResult(Int16 token)
   at System.Net.Security.SslStream.ReadAsyncInternal[TIOAdapter](Memory`1 buffer, CancellationToken cancellationToken)
   at System.Runtime.CompilerServices.PoolingAsyncValueTaskMethodBuilder`1.StateMachineBox`1.System.Threading.Tasks.Sources.IValueTaskSource<TResult>.GetResult(Int16 token)
   at System.Net.Http.HttpConnection.SendAsync(HttpRequestMessage request, Boolean async, CancellationToken cancellationToken)
   --- End of inner exception stack trace ---
   at System.Net.Http.HttpConnection.SendAsync(HttpRequestMessage request, Boolean async, CancellationToken cancellationToken)
   at System.Net.Http.AuthenticationHelper.SendWithNtAuthAsync(HttpRequestMessage request, Uri authUri, Boolean async, ICredentials credentials, Boolean isProxyAuth, HttpConnection connection, HttpConnectionPool connectionPool, CancellationToken cancellationToken)
   at System.Net.Http.HttpConnectionPool.SendWithVersionDetectionAndRetryAsync(HttpRequestMessage request, Boolean async, Boolean doRequestAuth, CancellationToken cancellationToken)
   at System.Net.Http.AuthenticationHelper.SendWithAuthAsync(HttpRequestMessage request, Uri authUri, Boolean async, ICredentials credentials, Boolean preAuthenticate, Boolean isProxyAuth, Boolean doRequestAuth, HttpConnectionPool pool, CancellationToken cancellationToken)
   at System.Net.Http.RedirectHandler.SendAsync(HttpRequestMessage request, Boolean async, CancellationToken cancellationToken)
   at GitHub.Services.Common.RawHttpMessageHandler.SendAsync(HttpRequestMessage request, CancellationToken cancellationToken)
   at GitHub.Services.Common.VssHttpRetryMessageHandler.SendAsync(HttpRequestMessage request, CancellationToken cancellationToken)
   at System.Net.Http.HttpClient.<SendAsync>g__Core|83_0(HttpRequestMessage request, HttpCompletionOption completionOption, CancellationTokenSource cts, Boolean disposeCts, CancellationTokenSource pendingRequestsCts, CancellationToken originalCancellationToken)
[2026-04-12 09:19:42Z ERR  BrokerServer] #####################################################
[2026-04-12 09:19:42Z ERR  BrokerServer] System.IO.IOException: Unable to read data from the transport connection: The I/O operation has been aborted because of either a thread exit or an application request..
 ---> System.Net.Sockets.SocketException (995): The I/O operation has been aborted because of either a thread exit or an application request.
   --- End of inner exception stack trace ---
   at System.Net.Sockets.Socket.AwaitableSocketAsyncEventArgs.System.Threading.Tasks.Sources.IValueTaskSource<System.Int32>.GetResult(Int16 token)
   at System.Net.Security.SslStream.EnsureFullTlsFrameAsync[TIOAdapter](CancellationToken cancellationToken, Int32 estimatedSize)
   at System.Runtime.CompilerServices.PoolingAsyncValueTaskMethodBuilder`1.StateMachineBox`1.System.Threading.Tasks.Sources.IValueTaskSource<TResult>.GetResult(Int16 token)
   at System.Net.Security.SslStream.ReadAsyncInternal[TIOAdapter](Memory`1 buffer, CancellationToken cancellationToken)
   at System.Runtime.CompilerServices.PoolingAsyncValueTaskMethodBuilder`1.StateMachineBox`1.System.Threading.Tasks.Sources.IValueTaskSource<TResult>.GetResult(Int16 token)
   at System.Net.Http.HttpConnection.SendAsync(HttpRequestMessage request, Boolean async, CancellationToken cancellationToken)
[2026-04-12 09:19:42Z ERR  BrokerServer] #####################################################
[2026-04-12 09:19:42Z ERR  BrokerServer] System.Net.Sockets.SocketException (995): The I/O operation has been aborted because of either a thread exit or an application request.
[2026-04-12 09:19:42Z WARN BrokerServer] Back off 11.372 seconds before next retry. 4 attempt left.
[2026-04-12 09:19:42Z INFO BrokerMessageListener] Get messages has been cancelled using local token source. Continue to get messages with new status.
[2026-04-12 09:53:14Z INFO RSAEncryptedFileKeyManager] Loading RSA key parameters from file C:\Users\eleeh\Downloads\ytclientV2-2\ytclientV2\actions-runner\actions-runner\.credentials_rsaparams
[2026-04-12 09:53:15Z INFO GitHubActionsService] AAD Correlation ID for this token request: Unknown
[2026-04-12 10:43:32Z INFO RSAEncryptedFileKeyManager] Loading RSA key parameters from file C:\Users\eleeh\Downloads\ytclientV2-2\ytclientV2\actions-runner\actions-runner\.credentials_rsaparams
[2026-04-12 10:43:33Z INFO GitHubActionsService] AAD Correlation ID for this token request: Unknown
